<?xml version="1.0" encoding="UTF-8"?>
<!-- Generated by org.testng.reporters.JUnitXMLReporter -->
<testsuite ignored="0" hostname="HJNZL002044" failures="1" tests="1" name="EdgeTest" time="23.266" errors="0" timestamp="2023-08-12T11:27:42 IST">
  <testcase classname="io.cucumber.testng.AbstractTestNGCucumberTests" name="runScenario" time="13.415">
    <failure type="java.lang.AssertionError" message="The continue button is enable for the postal code contains string value:abcd expected [true] but found [false]">
      <![CDATA[java.lang.AssertionError: The continue button is enable for the postal code contains string value:abcd expected [true] but found [false]
at com.psl.pages.CheckoutPage.userEnterStringValueInPostalCodeField(CheckoutPage.java:94)
at com.psl.stepdefinitions.CheckoutStepDef.user_not_able_to_see_the_continue_button_is_enable_with(CheckoutStepDef.java:78)
at âœ½.user not able to see the continue button is enable with "abcd"(file:///C:/Users/juli_kumari/Desktop/PIP/swaglabs/src/test/resources/Features/checkout.feature:65)
... Removed 3 stack frames]]>
    </failure>
  </testcase> <!-- runScenario -->
</testsuite> <!-- EdgeTest -->
