<?xml version="1.0" encoding="UTF-8"?>
<!-- Generated by org.testng.reporters.JUnitReportReporter -->
<testsuite hostname="HJNZL002044" failures="1" tests="1" name="com.psl.runner.FailedTestRunner" time="25.373" errors="0" timestamp="2023-08-12T14:45:42 IST" skipped="0">
  <testcase classname="com.psl.runner.FailedTestRunner" name="runScenario" time="25.373">
    <failure message="The continue button is enable for the postal code contains string value:abcd expected [true] but found [false]" type="java.lang.AssertionError">
      <![CDATA[java.lang.AssertionError: The continue button is enable for the postal code contains string value:abcd expected [true] but found [false]
at org.testng.Assert.fail(Assert.java:97)
at org.testng.Assert.failNotEquals(Assert.java:969)
at org.testng.Assert.assertTrue(Assert.java:43)
at com.psl.pages.CheckoutPage.userEnterStringValueInPostalCodeField(CheckoutPage.java:94)
at com.psl.stepdefinitions.CheckoutStepDef.user_not_able_to_see_the_continue_button_is_enable_with(CheckoutStepDef.java:78)
at âœ½.user not able to see the continue button is enable with "abcd"(file:///C:/Users/juli_kumari/Desktop/PIP/swaglabs/src/test/resources/Features/checkout.feature:65)
]]>
    </failure>
  </testcase> <!-- runScenario -->
  <system-out/>
</testsuite> <!-- com.psl.runner.FailedTestRunner -->
